(0000) 3000  0011000000000000 (   1)                 .ORIG x3000
(3000) 5260  0101001001100000 (   3)                 AND   R1 R1 #0
(3001) 54A0  0101010010100000 (   4)                 AND   R2 R2 #0
(3002) 5020  0101000000100000 (   5)                 AND   R0 R0 #0
(3003) E207  1110001000000111 (   6)                 LEA   R1 num1
(3004) E408  1110010000001000 (   7)                 LEA   R2 num2
(3005) 4809  0100100000001001 (   8)                 JSR   confr
(3006) 0E06  0000111000000110 (   9) fine            BRNZP fine
(3007) 0014  0000000000010100 (  10) num1            .FILL x0014
(3008) 002B  0000000000101011 (  11) num2            .FILL x002B
(3009) 6240  0110001001000000 (  15) confr           LDR   R1 R1 #0
(300A) 6480  0110010010000000 (  16)                 LDR   R2 R2 #0
(300B) 94BF  1001010010111111 (  17)                 NOT   R2 R2
(300C) 14A1  0001010010100001 (  18)                 ADD   R2 R2 #1
(300D) 1642  0001011001000010 (  19)                 ADD   R3 R1 R2
(300E) 0411  0000010000010001 (  20)                 BRZ   zero
(300F) 0814  0000100000010100 (  21)                 BRN   neg
(3010) 0217  0000001000010111 (  22)                 BRP   pos
(3011) 1020  0001000000100000 (  23) zero            ADD   R0 R0 #0
(3012) 56E0  0101011011100000 (  24)                 AND   R3 R3 #0
(3013) D000  1101000000000000 (  25)                 RET   
(3014) 103F  0001000000111111 (  26) neg             ADD   R0 R0 #-1
(3015) 56E0  0101011011100000 (  27)                 AND   R3 R3 #0
(3016) D000  1101000000000000 (  28)                 RET   
(3017) 1021  0001000000100001 (  29) pos             ADD   R0 R0 #1
(3018) 56E0  0101011011100000 (  30)                 AND   R3 R3 #0
(3019) D000  1101000000000000 (  31)                 RET   
