(0000) 3000  0011000000000000 (   1)                 .ORIG x3000
(3000) E005  1110000000000101 (   2)                 LEA   R0 array
(3001) E209  1110001000001001 (   3)                 LEA   R1 strr1
(3002) 6240  0110001001000000 (   4)                 LDR   R1 R1 #0
(3003) 480A  0100100000001010 (   5)                 JSR   OR_ARRAY
(3004) 0E04  0000111000000100 (   6) stop            BRNZP stop
(3005) 0F0F  0000111100001111 (   9) array           .FILL x0F0F
(3006) 3333  0011001100110011 (  10)                 .FILL x3333
(3007) CCCC  1100110011001100 (  11)                 .FILL xCCCC
(3008) 0000  0000000000000000 (  12)                 .FILL x0000
(3009) F0F0  1111000011110000 (  13) strr1           .FILL xF0F0
(300A) 341E  0011010000011110 (  18) OR_ARRAY        ST    R2 sr2
(300B) 361F  0011011000011111 (  19)                 ST    R3 sr3
(300C) 3820  0011100000100000 (  20)                 ST    R4 sr4
(300D) 3A21  0011101000100001 (  21)                 ST    R5 sr5
(300E) 3C22  0011110000100010 (  22)                 ST    R6 sr6
(300F) 967F  1001011001111111 (  23)                 NOT   R3 R1
(3010) 6A00  0110101000000000 (  26) ciclo           LDR   R5 R0 #0
(3011) 0418  0000010000011000 (  27)                 BRZ   fine
(3012) 957F  1001010101111111 (  28)                 NOT   R2 R5
(3013) 5883  0101100010000011 (  29)                 AND   R4 R2 R3
(3014) 993F  1001100100111111 (  30)                 NOT   R4 R4
(3015) 7800  0111100000000000 (  31)                 STR   R4 R0 #0
(3016) 1021  0001000000100001 (  32)                 ADD   R0 R0 #1
(3017) 0E10  0000111000010000 (  33)                 BRNZP ciclo
(3018) 241E  0010010000011110 (  36) fine            LD    R2 sr2
(3019) 261F  0010011000011111 (  37)                 LD    R3 sr3
(301A) 2820  0010100000100000 (  38)                 LD    R4 sr4
(301B) 2A21  0010101000100001 (  39)                 LD    R5 sr5
(301C) 2C22  0010110000100010 (  40)                 LD    R6 sr6
(301D) D000  1101000000000000 (  41)                 RET   
(301E) 0000  0000000000000000 (  45) sr2             .FILL x0000
(301F) 0000  0000000000000000 (  46) sr3             .FILL x0000
(3020) 0000  0000000000000000 (  47) sr4             .FILL x0000
(3021) 0000  0000000000000000 (  48) sr5             .FILL x0000
(3022) 0000  0000000000000000 (  53) sr6             .FILL x0000
