(0000) 3000  0011000000000000 (   1)                 .ORIG x3000
(3000) E005  1110000000000101 (   2)                 LEA   R0 arrays
(3001) E20B  1110001000001011 (   3)                 LEA   R1 arraye
(3002) 14AF  0001010010101111 (   4)                 ADD   R2 R2 #15
(3003) 480C  0100100000001100 (   5)                 JSR   CONTA_SE
(3004) 0E04  0000111000000100 (   6) stop            BRNZP stop
(3005) FFC8  1111111111001000 (   8) arrays          .FILL xFFC8
(3006) 000F  0000000000001111 (   9)                 .FILL x000F
(3007) FFF7  1111111111110111 (  10)                 .FILL xFFF7
(3008) FFF1  1111111111110001 (  11)                 .FILL xFFF1
(3009) 0000  0000000000000000 (  12)                 .FILL x0000
(300A) 000F  0000000000001111 (  13)                 .FILL x000F
(300B) FFF1  1111111111110001 (  14) arraye          .FILL xFFF1
(300C) 3439  0011010000111001 (  19) CONTA_SE        ST    R2 st2
(300D) 363A  0011011000111010 (  20)                 ST    R3 st3
(300E) 383B  0011100000111011 (  21)                 ST    R4 st4
(300F) 3A3C  0011101000111100 (  22)                 ST    R5 st5
(3010) 3C3E  0011110000111110 (  23)                 ST    R6 st7
(3011) 3E3E  0011111000111110 (  24)                 ST    R7 st7
(3012) 56E0  0101011011100000 (  26)                 AND   R3 R3 #0
(3013) 5920  0101100100100000 (  27)                 AND   R4 R4 #0
(3014) 927F  1001001001111111 (  28)                 NOT   R1 R1
(3015) 1261  0001001001100001 (  29)                 ADD   R1 R1 #1
(3016) 94BF  1001010010111111 (  30)                 NOT   R2 R2
(3017) 14A1  0001010010100001 (  31)                 ADD   R2 R2 #1
(3018) 1C01  0001110000000001 (  35) ciclo           ADD   R6 R0 R1
(3019) 022E  0000001000101110 (  36)                 BRP   fine
(301A) 6A00  0110101000000000 (  37)                 LDR   R5 R0 #0
(301B) 1B42  0001101101000010 (  38)                 ADD   R5 R5 R2
(301C) 0426  0000010000100110 (  39)                 BRZ   uguali
(301D) 94BF  1001010010111111 (  40)                 NOT   R2 R2
(301E) 14A1  0001010010100001 (  41)                 ADD   R2 R2 #1
(301F) 6A00  0110101000000000 (  42)                 LDR   R5 R0 #0
(3020) 1B42  0001101101000010 (  43)                 ADD   R5 R5 R2
(3021) 0429  0000010000101001 (  44)                 BRZ   opposto
(3022) 1021  0001000000100001 (  45)                 ADD   R0 R0 #1
(3023) 94BF  1001010010111111 (  46)                 NOT   R2 R2
(3024) 14A1  0001010010100001 (  47)                 ADD   R2 R2 #1
(3025) 0E18  0000111000011000 (  48)                 BRNZP ciclo
(3026) 16E1  0001011011100001 (  51) uguali          ADD   R3 R3 #1
(3027) 1021  0001000000100001 (  52)                 ADD   R0 R0 #1
(3028) 0E18  0000111000011000 (  53)                 BRNZP ciclo
(3029) 1921  0001100100100001 (  55) opposto         ADD   R4 R4 #1
(302A) 1021  0001000000100001 (  56)                 ADD   R0 R0 #1
(302B) 94BF  1001010010111111 (  57)                 NOT   R2 R2
(302C) 14A1  0001010010100001 (  58)                 ADD   R2 R2 #1
(302D) 0E18  0000111000011000 (  59)                 BRNZP ciclo
(302E) 5020  0101000000100000 (  62) fine            AND   R0 R0 #0
(302F) 1003  0001000000000011 (  63)                 ADD   R0 R0 R3
(3030) 5260  0101001001100000 (  64)                 AND   R1 R1 #0
(3031) 1244  0001001001000100 (  65)                 ADD   R1 R1 R4
(3032) 2439  0010010000111001 (  66)                 LD    R2 st2
(3033) 263A  0010011000111010 (  67)                 LD    R3 st3
(3034) 283B  0010100000111011 (  68)                 LD    R4 st4
(3035) 2A3C  0010101000111100 (  69)                 LD    R5 st5
(3036) 2C3D  0010110000111101 (  70)                 LD    R6 st6
(3037) 2E3E  0010111000111110 (  71)                 LD    R7 st7
(3038) D000  1101000000000000 (  73)                 RET   
(3039) 0000  0000000000000000 (  77) st2             .FILL x0000
(303A) 0000  0000000000000000 (  78) st3             .FILL x0000
(303B) 0000  0000000000000000 (  79) st4             .FILL x0000
(303C) 0000  0000000000000000 (  80) st5             .FILL x0000
(303D) 0000  0000000000000000 (  81) st6             .FILL x0000
(303E) 0000  0000000000000000 (  86) st7             .FILL x0000
