(0000) 3000  0011000000000000 (   1)                 .ORIG x3000
(3000) E006  1110000000000110 (   3)                 LEA   R0 arrays
(3001) E20A  1110001000001010 (   4)                 LEA   R1 arraye
(3002) 2405  0010010000000101 (   5)                 LD    R2 num
(3003) 480B  0100100000001011 (   6)                 JSR   CONTA_UNDER
(3004) 0E04  0000111000000100 (   7) stop            BRNZP stop
(3005) 8008  1000000000001000 (   9) num             .FILL x8008
(3006) 0038  0000000000111000 (  10) arrays          .FILL x0038
(3007) FFF8  1111111111111000 (  11)                 .FILL xFFF8
(3008) 0000  0000000000000000 (  12)                 .FILL x0000
(3009) FFF7  1111111111110111 (  13)                 .FILL xFFF7
(300A) FFF5  1111111111110101 (  14) arraye          .FILL xFFF5
(300B) 362D  0011011000101101 (  21) CONTA_UNDER     ST    R3 sr3
(300C) 382E  0011100000101110 (  22)                 ST    R4 sr4
(300D) 3A2F  0011101000101111 (  23)                 ST    R5 sr5
(300E) 3C30  0011110000110000 (  24)                 ST    R6 sr6
(300F) 3E31  0011111000110001 (  25)                 ST    R7 sr7
(3010) 56E0  0101011011100000 (  26)                 AND   R3 R3 #0
(3011) 5920  0101100100100000 (  27)                 AND   R4 R4 #0
(3012) 927F  1001001001111111 (  28)                 NOT   R1 R1
(3013) 1261  0001001001100001 (  29)                 ADD   R1 R1 #1
(3014) 1801  0001100000000001 (  31) ciclo           ADD   R4 R0 R1
(3015) 0225  0000001000100101 (  32)                 BRP   fine
(3016) 6A00  0110101000000000 (  33)                 LDR   R5 R0 #0
(3017) 081C  0000100000011100 (  34)                 BRN   neg
(3018) 1B42  0001101101000010 (  35)                 ADD   R5 R5 R2
(3019) 7A00  0111101000000000 (  36)                 STR   R5 R0 #0
(301A) 1021  0001000000100001 (  37)                 ADD   R0 R0 #1
(301B) 0E14  0000111000010100 (  38)                 BRNZP ciclo
(301C) 1B42  0001101101000010 (  40) neg             ADD   R5 R5 R2
(301D) 0221  0000001000100001 (  41)                 BRP   uf
(301E) 7A00  0111101000000000 (  42)                 STR   R5 R0 #0
(301F) 1021  0001000000100001 (  43)                 ADD   R0 R0 #1
(3020) 0E14  0000111000010100 (  44)                 BRNZP ciclo
(3021) 16E1  0001011011100001 (  46) uf              ADD   R3 R3 #1
(3022) 7A00  0111101000000000 (  47)                 STR   R5 R0 #0
(3023) 1021  0001000000100001 (  48)                 ADD   R0 R0 #1
(3024) 0E14  0000111000010100 (  49)                 BRNZP ciclo
(3025) 54A0  0101010010100000 (  53) fine            AND   R2 R2 #0
(3026) 1483  0001010010000011 (  54)                 ADD   R2 R2 R3
(3027) 262D  0010011000101101 (  55)                 LD    R3 sr3
(3028) 282E  0010100000101110 (  56)                 LD    R4 sr4
(3029) 2A2F  0010101000101111 (  57)                 LD    R5 sr5
(302A) 2C30  0010110000110000 (  58)                 LD    R6 sr6
(302B) 2E31  0010111000110001 (  59)                 LD    R7 sr7
(302C) D000  1101000000000000 (  60)                 RET   
(302D) 0000  0000000000000000 (  64) sr3             .FILL x0000
(302E) 0000  0000000000000000 (  65) sr4             .FILL x0000
(302F) 0000  0000000000000000 (  66) sr5             .FILL x0000
(3030) 0000  0000000000000000 (  67) sr6             .FILL x0000
(3031) 0000  0000000000000000 (  72) sr7             .FILL x0000
