(0000) 3000  0011000000000000 (   1)                 .ORIG x3000
(3000) E003  1110000000000011 (   2)                 LEA   R0 stringa
(3001) 482C  0100100000101100 (   3)                 JSR   MAIUSC
(3002) 0E02  0000111000000010 (   4) stop            BRNZP stop
(3003) 004C  0000000001001100 (   6) stringa         .FILL x004C
(3004) 0061  0000000001100001 (   6)                 .FILL x0061
(3005) 0073  0000000001110011 (   6)                 .FILL x0073
(3006) 0069  0000000001101001 (   6)                 .FILL x0069
(3007) 0067  0000000001100111 (   6)                 .FILL x0067
(3008) 006C  0000000001101100 (   6)                 .FILL x006C
(3009) 0061  0000000001100001 (   6)                 .FILL x0061
(300A) 0055  0000000001010101 (   6)                 .FILL x0055
(300B) 0053  0000000001010011 (   6)                 .FILL x0053
(300C) 0041  0000000001000001 (   6)                 .FILL x0041
(300D) 0073  0000000001110011 (   6)                 .FILL x0073
(300E) 0069  0000000001101001 (   6)                 .FILL x0069
(300F) 0067  0000000001100111 (   6)                 .FILL x0067
(3010) 006E  0000000001101110 (   6)                 .FILL x006E
(3011) 0069  0000000001101001 (   6)                 .FILL x0069
(3012) 0066  0000000001100110 (   6)                 .FILL x0066
(3013) 0069  0000000001101001 (   6)                 .FILL x0069
(3014) 0063  0000000001100011 (   6)                 .FILL x0063
(3015) 0061  0000000001100001 (   6)                 .FILL x0061
(3016) 0055  0000000001010101 (   6)                 .FILL x0055
(3017) 006E  0000000001101110 (   6)                 .FILL x006E
(3018) 0069  0000000001101001 (   6)                 .FILL x0069
(3019) 0074  0000000001110100 (   6)                 .FILL x0074
(301A) 0065  0000000001100101 (   6)                 .FILL x0065
(301B) 0064  0000000001100100 (   6)                 .FILL x0064
(301C) 0053  0000000001010011 (   6)                 .FILL x0053
(301D) 0074  0000000001110100 (   6)                 .FILL x0074
(301E) 0061  0000000001100001 (   6)                 .FILL x0061
(301F) 0074  0000000001110100 (   6)                 .FILL x0074
(3020) 0065  0000000001100101 (   6)                 .FILL x0065
(3021) 0073  0000000001110011 (   6)                 .FILL x0073
(3022) 006F  0000000001101111 (   6)                 .FILL x006F
(3023) 0066  0000000001100110 (   6)                 .FILL x0066
(3024) 0041  0000000001000001 (   6)                 .FILL x0041
(3025) 006D  0000000001101101 (   6)                 .FILL x006D
(3026) 0065  0000000001100101 (   6)                 .FILL x0065
(3027) 0072  0000000001110010 (   6)                 .FILL x0072
(3028) 0069  0000000001101001 (   6)                 .FILL x0069
(3029) 0063  0000000001100011 (   6)                 .FILL x0063
(302A) 0061  0000000001100001 (   6)                 .FILL x0061
(302B) 0000  0000000000000000 (   6)                 .FILL x0000
(302C) 283B  0010100000111011 (  11) MAIUSC          LD    R4 diff
(302D) 2A3C  0010101000111100 (  12)                 LD    R5 codzm
(302E) 5DA0  0101110110100000 (  13)                 AND   R6 R6 #0
(302F) 6200  0110001000000000 (  17) ciclo           LDR   R1 R0 #0
(3030) 043A  0000010000111010 (  18)                 BRZ   fine
(3031) 1245  0001001001000101 (  19)                 ADD   R1 R1 R5
(3032) 0235  0000001000110101 (  20)                 BRP   trasf
(3033) 1021  0001000000100001 (  21)                 ADD   R0 R0 #1
(3034) 0E2F  0000111000101111 (  22)                 BRNZP ciclo
(3035) 1244  0001001001000100 (  25) trasf           ADD   R1 R1 R4
(3036) 7200  0111001000000000 (  26)                 STR   R1 R0 #0
(3037) 1021  0001000000100001 (  27)                 ADD   R0 R0 #1
(3038) 1DA1  0001110110100001 (  28)                 ADD   R6 R6 #1
(3039) 0E2F  0000111000101111 (  29)                 BRNZP ciclo
(303A) D000  1101000000000000 (  33) fine            RET   
(303B) FFE0  1111111111100000 (  35) diff            .FILL xFFE0
(303C) FFA6  1111111110100110 (  36) codzm           .FILL xFFA6
