(0000) 3000  0011000000000000 (   1)                 .ORIG x3000
(3000) E003  1110000000000011 (   2)                 LEA   R0 array
(3001) 4809  0100100000001001 (   3)                 JSR   SOMMATORIA
(3002) 0E02  0000111000000010 (   4) stop            BRNZP stop
(3003) 0004  0000000000000100 (   7) array           .FILL x0004
(3004) 0002  0000000000000010 (   8)                 .FILL x0002
(3005) 7530  0111010100110000 (   9)                 .FILL x7530
(3006) 0002  0000000000000010 (  10)                 .FILL x0002
(3007) 3A98  0011101010011000 (  11)                 .FILL x3A98
(3008) 0000  0000000000000000 (  12)                 .FILL x0000
(3009) 54A0  0101010010100000 (  20) SOMMATORIA      AND   R2 R2 #0
(300A) 56E0  0101011011100000 (  21)                 AND   R3 R3 #0
(300B) 5920  0101100100100000 (  22)                 AND   R4 R4 #0
(300C) 6200  0110001000000000 (  24) ciclo           LDR   R1 R0 #0
(300D) 0426  0000010000100110 (  25)                 BRZ   fine
(300E) 0215  0000001000010101 (  26)                 BRP   primo_pos
(300F) 1021  0001000000100001 (  27)                 ADD   R0 R0 #1
(3010) 6400  0110010000000000 (  28)                 LDR   R2 R0 #0
(3011) 0820  0000100000100000 (  29)                 BRN   sec_neg
(3012) 1642  0001011001000010 (  30)                 ADD   R3 R1 R2
(3013) 1021  0001000000100001 (  31)                 ADD   R0 R0 #1
(3014) 0E0C  0000111000001100 (  32)                 BRNZP ciclo
(3015) 1021  0001000000100001 (  36) primo_pos       ADD   R0 R0 #1
(3016) 6400  0110010000000000 (  37)                 LDR   R2 R0 #0
(3017) 021A  0000001000011010 (  38)                 BRP   sec_pos
(3018) 1642  0001011001000010 (  39)                 ADD   R3 R1 R2
(3019) 0E0C  0000111000001100 (  40)                 BRNZP ciclo
(301A) 1642  0001011001000010 (  43) sec_pos         ADD   R3 R1 R2
(301B) 081E  0000100000011110 (  44)                 BRN   over
(301C) 1021  0001000000100001 (  45)                 ADD   R0 R0 #1
(301D) 0E0C  0000111000001100 (  46)                 BRNZP ciclo
(301E) 1922  0001100100100010 (  49) over            ADD   R4 R4 #2
(301F) 0E26  0000111000100110 (  50)                 BRNZP fine
(3020) 1642  0001011001000010 (  53) sec_neg         ADD   R3 R1 R2
(3021) 0224  0000001000100100 (  54)                 BRP   under
(3022) 1021  0001000000100001 (  55)                 ADD   R0 R0 #1
(3023) 0E0C  0000111000001100 (  56)                 BRNZP ciclo
(3024) 193E  0001100100111110 (  59) under           ADD   R4 R4 #-2
(3025) 0E26  0000111000100110 (  60)                 BRNZP fine
(3026) 1920  0001100100100000 (  64) fine            ADD   R4 R4 #0
(3027) 0429  0000010000101001 (  65)                 BRZ   nonum
(3028) D000  1101000000000000 (  66)                 RET   
(3029) 16E0  0001011011100000 (  68) nonum           ADD   R3 R3 #0
(302A) 022C  0000001000101100 (  69)                 BRP   sommapos
(302B) 082E  0000100000101110 (  70)                 BRN   sommaneg
(302C) 1921  0001100100100001 (  73) sommapos        ADD   R4 R4 #1
(302D) D000  1101000000000000 (  74)                 RET   
(302E) 193F  0001100100111111 (  77) sommaneg        ADD   R4 R4 #-1
(302F) D000  1101000000000000 (  78)                 RET   
