(0000) 3000  0011000000000000 (   1)                 .ORIG x3000
(3000) 5020  0101000000100000 (   3)                 AND   R0 R0 #0
(3001) 5260  0101001001100000 (   4)                 AND   R1 R1 #0
(3002) 54A0  0101010010100000 (   5)                 AND   R2 R2 #0
(3003) 56E0  0101011011100000 (   6)                 AND   R3 R3 #0
(3004) 5920  0101100100100000 (   7)                 AND   R4 R4 #0
(3005) 5B60  0101101101100000 (   8)                 AND   R5 R5 #0
(3006) 5DA0  0101110110100000 (   9)                 AND   R6 R6 #0
(3007) 1265  0001001001100101 (  10)                 ADD   R1 R1 #5
(3008) 080A  0000100000001010 (  11)                 BRN   neg1
(3009) 020B  0000001000001011 (  12)                 BRP   pos1
(300A) 193F  0001100100111111 (  13) neg1            ADD   R4 R4 #-1
(300B) 1B61  0001101101100001 (  14) pos1            ADD   R5 R5 #1
(300C) 14A4  0001010010100100 (  15)                 ADD   R2 R2 #4
(300D) 080F  0000100000001111 (  16)                 BRN   neg2
(300E) 0810  0000100000010000 (  17)                 BRN   pos2
(300F) 193F  0001100100111111 (  18) neg2            ADD   R4 R4 #-1
(3010) 1B61  0001101101100001 (  19) pos2            ADD   R5 R5 #1
(3011) 1D05  0001110100000101 (  20)                 ADD   R6 R4 R5
(3012) 0213  0000001000010011 (  21)                 BRP   ou
(3013) 1021  0001000000100001 (  22) ou              ADD   R0 R0 #1
(3014) 0816  0000100000010110 (  23)                 BRN   ouy
(3015) 0E18  0000111000011000 (  24)                 BRNZP fine
(3016) 103F  0001000000111111 (  25) ouy             ADD   R0 R0 #-1
(3017) 4819  0100100000011001 (  26)                 JSR   somma
(3018) 0E18  0000111000011000 (  27) fine            BRNZP fine
(3019) 1642  0001011001000010 (  31) somma           ADD   R3 R1 R2
(301A) D000  1101000000000000 (  32)                 RET   
