(0000) 3000  0011000000000000 (   1)                 .ORIG x3000
(3000) E004  1110000000000100 (   2)                 LEA   R0 arrays
(3001) E207  1110001000000111 (   3)                 LEA   R1 arraye
(3002) 4808  0100100000001000 (   4)                 JSR   CONTA_PARI_DISPARI
(3003) 0E03  0000111000000011 (   5) stop            BRNZP stop
(3004) 002D  0000000000101101 (   8) arrays          .FILL x002D
(3005) 0020  0000000000100000 (   9)                 .FILL x0020
(3006) FFFC  1111111111111100 (  10)                 .FILL xFFFC
(3007) 0007  0000000000000111 (  11) arraye          .FILL x0007
(3008) 3426  0011010000100110 (  16) CONTA_PARI_DISPARI ST    R2 sr2
(3009) 3627  0011011000100111 (  17)                 ST    R3 sr3
(300A) 3828  0011100000101000 (  18)                 ST    R4 sr4
(300B) 3A29  0011101000101001 (  19)                 ST    R5 sr5
(300C) 3C2A  0011110000101010 (  20)                 ST    R6 sr6
(300D) 5B60  0101101101100000 (  21)                 AND   R5 R5 #0
(300E) 5DA0  0101110110100000 (  22)                 AND   R6 R6 #0
(300F) 983F  1001100000111111 (  26) ciclo           NOT   R4 R0
(3010) 1921  0001100100100001 (  27)                 ADD   R4 R4 #1
(3011) 1901  0001100100000001 (  28)                 ADD   R4 R4 R1
(3012) 081C  0000100000011100 (  29)                 BRN   finito
(3013) 6400  0110010000000000 (  30)                 LDR   R2 R0 #0
(3014) 58A1  0101100010100001 (  31)                 AND   R4 R2 #1
(3015) 0419  0000010000011001 (  32)                 BRZ   pari
(3016) 1DA1  0001110110100001 (  34)                 ADD   R6 R6 #1
(3017) 1021  0001000000100001 (  35)                 ADD   R0 R0 #1
(3018) 0E0F  0000111000001111 (  36)                 BRNZP ciclo
(3019) 1021  0001000000100001 (  39) pari            ADD   R0 R0 #1
(301A) 1B61  0001101101100001 (  40)                 ADD   R5 R5 #1
(301B) 0E0F  0000111000001111 (  41)                 BRNZP ciclo
(301C) 5020  0101000000100000 (  44) finito          AND   R0 R0 #0
(301D) 5260  0101001001100000 (  45)                 AND   R1 R1 #0
(301E) 1005  0001000000000101 (  46)                 ADD   R0 R0 R5
(301F) 1246  0001001001000110 (  47)                 ADD   R1 R1 R6
(3020) 2426  0010010000100110 (  48)                 LD    R2 sr2
(3021) 2627  0010011000100111 (  49)                 LD    R3 sr3
(3022) 2828  0010100000101000 (  50)                 LD    R4 sr4
(3023) 2A29  0010101000101001 (  51)                 LD    R5 sr5
(3024) 2C2A  0010110000101010 (  52)                 LD    R6 sr6
(3025) D000  1101000000000000 (  53)                 RET   
(3026) 0000  0000000000000000 (  58) sr2             .FILL x0000
(3027) 0000  0000000000000000 (  59) sr3             .FILL x0000
(3028) 0000  0000000000000000 (  60) sr4             .FILL x0000
(3029) 0000  0000000000000000 (  61) sr5             .FILL x0000
(302A) 0000  0000000000000000 (  64) sr6             .FILL x0000
