(0000) 3000  0011000000000000 (   1)                 .ORIG x3000
(3000) 5020  0101000000100000 (   2)                 AND   R0 R0 #0
(3001) E004  1110000000000100 (   3)                 LEA   R0 stringa
(3002) 480A  0100100000001010 (   4)                 JSR   CONV_MAIUS
(3003) 0E03  0000111000000011 (   5) stop            BRNZP stop
(3004) 0063  0000000001100011 (  10) stringa         .FILL x0063
(3005) 0069  0000000001101001 (  10)                 .FILL x0069
(3006) 0061  0000000001100001 (  10)                 .FILL x0061
(3007) 006F  0000000001101111 (  10)                 .FILL x006F
(3008) 006F  0000000001101111 (  10)                 .FILL x006F
(3009) 0000  0000000000000000 (  10)                 .FILL x0000
(300A) 322C  0011001000101100 (  15) CONV_MAIUS      ST    R1 sr1
(300B) 342D  0011010000101101 (  16)                 ST    R2 sr2
(300C) 362E  0011011000101110 (  17)                 ST    R3 sr3
(300D) 382F  0011100000101111 (  18)                 ST    R4 sr4
(300E) 3A30  0011101000110000 (  19)                 ST    R5 sr5
(300F) 3C31  0011110000110001 (  20)                 ST    R6 sr6
(3010) 2833  0010100000110011 (  21)                 LD    R4 asciia
(3011) 2632  0010011000110010 (  22)                 LD    R3 diff
(3012) 1420  0001010000100000 (  23)                 ADD   R2 R0 #0
(3013) 5B60  0101101101100000 (  24)                 AND   R5 R5 #0
(3014) 5260  0101001001100000 (  25)                 AND   R1 R1 #0
(3015) 2434  0010010000110100 (  26)                 LD    R2 asciiz
(3016) 6C00  0110110000000000 (  31) ciclo           LDR   R6 R0 #0
(3017) 0421  0000010000100001 (  32)                 BRZ   finestringa
(3018) 1384  0001001110000100 (  34)                 ADD   R1 R6 R4
(3019) 082A  0000100000101010 (  35)                 BRN   notrasforma
(301A) 1382  0001001110000010 (  37)                 ADD   R1 R6 R2
(301B) 022A  0000001000101010 (  38)                 BRP   notrasforma
(301C) 1D83  0001110110000011 (  41)                 ADD   R6 R6 R3
(301D) 7C00  0111110000000000 (  42)                 STR   R6 R0 #0
(301E) 1B61  0001101101100001 (  43)                 ADD   R5 R5 #1
(301F) 1021  0001000000100001 (  44)                 ADD   R0 R0 #1
(3020) 0E16  0000111000010110 (  45)                 BRNZP ciclo
(3021) 5020  0101000000100000 (  51) finestringa     AND   R0 R0 #0
(3022) 1160  0001000101100000 (  52)                 ADD   R0 R5 #0
(3023) 222C  0010001000101100 (  53)                 LD    R1 sr1
(3024) 242D  0010010000101101 (  54)                 LD    R2 sr2
(3025) 262E  0010011000101110 (  55)                 LD    R3 sr3
(3026) 282F  0010100000101111 (  56)                 LD    R4 sr4
(3027) 2A30  0010101000110000 (  57)                 LD    R5 sr5
(3028) 2C31  0010110000110001 (  58)                 LD    R6 sr6
(3029) D000  1101000000000000 (  59)                 RET   
(302A) 1021  0001000000100001 (  64) notrasforma     ADD   R0 R0 #1
(302B) 0E16  0000111000010110 (  65)                 BRNZP ciclo
(302C) 0000  0000000000000000 (  69) sr1             .FILL x0000
(302D) 0000  0000000000000000 (  70) sr2             .FILL x0000
(302E) 0000  0000000000000000 (  71) sr3             .FILL x0000
(302F) 0000  0000000000000000 (  72) sr4             .FILL x0000
(3030) 0000  0000000000000000 (  73) sr5             .FILL x0000
(3031) 0000  0000000000000000 (  74) sr6             .FILL x0000
(3032) FFE0  1111111111100000 (  74) diff            .FILL xFFE0
(3033) FF9F  1111111110011111 (  75) asciia          .FILL xFF9F
(3034) FF86  1111111110000110 (  76) asciiz          .FILL xFF86
