(0000) 3000  0011000000000000 (   1)                 .ORIG x3000
(3000) E005  1110000000000101 (   2)                 LEA   R0 A
(3001) E20A  1110001000001010 (   3)                 LEA   R1 A2
(3002) 240E  0010010000001110 (   4)                 LD    R2 N
(3003) 480F  0100100000001111 (   5)                 JSR   SOMMA_SE
(3004) 0E04  0000111000000100 (   6) stop            BRNZP stop
(3005) FFC8  1111111111001000 (   8) A               .FILL xFFC8
(3006) 000F  0000000000001111 (   9)                 .FILL x000F
(3007) FFF7  1111111111110111 (  10)                 .FILL xFFF7
(3008) 000F  0000000000001111 (  11)                 .FILL x000F
(3009) 0000  0000000000000000 (  12)                 .FILL x0000
(300A) 0005  0000000000000101 (  14) A2              .FILL x0005
(300B) 0014  0000000000010100 (  15)                 .FILL x0014
(300C) 0005  0000000000000101 (  16)                 .FILL x0005
(300D) 0014  0000000000010100 (  17)                 .FILL x0014
(300E) 000F  0000000000001111 (  19) N               .FILL x000F
(300F) 2626  0010011000100110 (  23) SOMMA_SE        LD    R3 st3
(3010) 2827  0010100000100111 (  24)                 LD    R4 st4
(3011) 2A28  0010101000101000 (  25)                 LD    R5 st5
(3012) 94BF  1001010010111111 (  26)                 NOT   R2 R2
(3013) 14A1  0001010010100001 (  27)                 ADD   R2 R2 #1
(3014) 6600  0110011000000000 (  29) ciclo           LDR   R3 R0 #0
(3015) 0420  0000010000100000 (  30)                 BRZ   fine
(3016) 6840  0110100001000000 (  31)                 LDR   R4 R1 #0
(3017) 16C2  0001011011000010 (  32)                 ADD   R3 R3 R2
(3018) 041C  0000010000011100 (  33)                 BRZ   uguali
(3019) 1021  0001000000100001 (  34)                 ADD   R0 R0 #1
(301A) 1261  0001001001100001 (  35)                 ADD   R1 R1 #1
(301B) 0E14  0000111000010100 (  36)                 BRNZP ciclo
(301C) 1B44  0001101101000100 (  38) uguali          ADD   R5 R5 R4
(301D) 1021  0001000000100001 (  39)                 ADD   R0 R0 #1
(301E) 1261  0001001001100001 (  40)                 ADD   R1 R1 #1
(301F) 0E14  0000111000010100 (  41)                 BRNZP ciclo
(3020) 5020  0101000000100000 (  44) fine            AND   R0 R0 #0
(3021) 1160  0001000101100000 (  45)                 ADD   R0 R5 #0
(3022) 3626  0011011000100110 (  46)                 ST    R3 st3
(3023) 3827  0011100000100111 (  47)                 ST    R4 st4
(3024) 3A28  0011101000101000 (  48)                 ST    R5 st5
(3025) D000  1101000000000000 (  49)                 RET   
(3026) 0000  0000000000000000 (  52) st3             .FILL x0000
(3027) 0000  0000000000000000 (  53) st4             .FILL x0000
(3028) 0000  0000000000000000 (  56) st5             .FILL x0000
