(0000) 3000  0011000000000000 (   1)                 .ORIG x3000
(3000) 5260  0101001001100000 (   3)                 AND   R1 R1 #0
(3001) 54A0  0101010010100000 (   4)                 AND   R2 R2 #0
(3002) 5020  0101000000100000 (   5)                 AND   R0 R0 #0
(3003) 2207  0010001000000111 (   6)                 LD    R1 num1
(3004) 2408  0010010000001000 (   7)                 LD    R2 num2
(3005) 4809  0100100000001001 (   8)                 JSR   confr
(3006) 0E06  0000111000000110 (   9) fine            BRNZP fine
(3007) 0014  0000000000010100 (  10) num1            .FILL x0014
(3008) 002B  0000000000101011 (  11) num2            .FILL x002B
(3009) 94BF  1001010010111111 (  15) confr           NOT   R2 R2
(300A) 14A1  0001010010100001 (  16)                 ADD   R2 R2 #1
(300B) 1642  0001011001000010 (  17)                 ADD   R3 R1 R2
(300C) 040F  0000010000001111 (  18)                 BRZ   zero
(300D) 0812  0000100000010010 (  19)                 BRN   neg
(300E) 0215  0000001000010101 (  20)                 BRP   pos
(300F) 1020  0001000000100000 (  21) zero            ADD   R0 R0 #0
(3010) 56E0  0101011011100000 (  22)                 AND   R3 R3 #0
(3011) D000  1101000000000000 (  23)                 RET   
(3012) 103F  0001000000111111 (  24) neg             ADD   R0 R0 #-1
(3013) 56E0  0101011011100000 (  25)                 AND   R3 R3 #0
(3014) D000  1101000000000000 (  26)                 RET   
(3015) 1021  0001000000100001 (  27) pos             ADD   R0 R0 #1
(3016) 56E0  0101011011100000 (  28)                 AND   R3 R3 #0
(3017) D000  1101000000000000 (  29)                 RET   
