(0000) 3000  0011000000000000 (   1)                 .ORIG x3000
(3000) 5020  0101000000100000 (   3)                 AND   R0 R0 #0
(3001) 54A0  0101010010100000 (   4)                 AND   R2 R2 #0
(3002) 56E0  0101011011100000 (   5)                 AND   R3 R3 #0
(3003) E018  1110000000011000 (   6)                 LEA   R0 array
(3004) 221D  0010001000011101 (   7)                 LD    R1 num
(3005) 927F  1001001001111111 (   8)                 NOT   R1 R1
(3006) 1261  0001001001100001 (   9)                 ADD   R1 R1 #1
(3007) 4809  0100100000001001 (  10)                 JSR   ciclo
(3008) 0E08  0000111000001000 (  11) fine            BRNZP fine
(3009) 6400  0110010000000000 (  13) ciclo           LDR   R2 R0 #0
(300A) 040F  0000010000001111 (  14)                 BRZ   notf
(300B) 1642  0001011001000010 (  15)                 ADD   R3 R1 R2
(300C) 0413  0000010000010011 (  16)                 BRZ   found
(300D) 1021  0001000000100001 (  17)                 ADD   R0 R0 #1
(300E) 0E09  0000111000001001 (  18)                 BRNZP ciclo
(300F) 5020  0101000000100000 (  20) notf            AND   R0 R0 #0
(3010) 56E0  0101011011100000 (  21)                 AND   R3 R3 #0
(3011) 54A0  0101010010100000 (  22)                 AND   R2 R2 #0
(3012) D000  1101000000000000 (  23)                 RET   
(3013) 5020  0101000000100000 (  25) found           AND   R0 R0 #0
(3014) 1021  0001000000100001 (  26)                 ADD   R0 R0 #1
(3015) 56E0  0101011011100000 (  27)                 AND   R3 R3 #0
(3016) 54A0  0101010010100000 (  28)                 AND   R2 R2 #0
(3017) D000  1101000000000000 (  29)                 RET   
(3018) 002A  0000000000101010 (  31) array           .FILL x002A
(3019) 0020  0000000000100000 (  32)                 .FILL x0020
(301A) FFB9  1111111110111001 (  33)                 .FILL xFFB9
(301B) 0018  0000000000011000 (  34)                 .FILL x0018
(301C) 0005  0000000000000101 (  35)                 .FILL x0005
(301D) 0018  0000000000011000 (  37) num             .FILL x0018
