(0000) 3000  0011000000000000 (   1)                 .ORIG x3000
(3000) 5020  0101000000100000 (   3)                 AND   R0 R0 #0
(3001) 5260  0101001001100000 (   4)                 AND   R1 R1 #0
(3002) 54A0  0101010010100000 (   5)                 AND   R2 R2 #0
(3003) 56E0  0101011011100000 (   6)                 AND   R3 R3 #0
(3004) 5920  0101100100100000 (   7)                 AND   R4 R4 #0
(3005) 5B60  0101101101100000 (   8)                 AND   R5 R5 #0
(3006) E00E  1110000000001110 (   9)                 LEA   R0 array
(3007) 5DA0  0101110110100000 (  10)                 AND   R6 R6 #0
(3008) EC12  1110110000010010 (  11)                 LEA   R6 arraye
(3009) 2213  0010001000010011 (  12)                 LD    R1 num
(300A) 927F  1001001001111111 (  13)                 NOT   R1 R1
(300B) 1261  0001001001100001 (  14)                 ADD   R1 R1 #1
(300C) 4814  0100100000010100 (  15)                 JSR   trova
(300D) 0E0D  0000111000001101 (  16) fine            BRNZP fine
(300E) 002A  0000000000101010 (  18) array           .FILL x002A
(300F) 0020  0000000000100000 (  19)                 .FILL x0020
(3010) FFB9  1111111110111001 (  20)                 .FILL xFFB9
(3011) 0018  0000000000011000 (  21)                 .FILL x0018
(3012) 0005  0000000000000101 (  22) arraye          .FILL x0005
(3013) 0018  0000000000011000 (  23) num             .FILL x0018
(3014) 1020  0001000000100000 (  26) trova           ADD   R0 R0 #0
(3015) 6400  0110010000000000 (  28) ciclo           LDR   R2 R0 #0
(3016) 6980  0110100110000000 (  29)                 LDR   R4 R6 #0
(3017) 041F  0000010000011111 (  30)                 BRZ   notf
(3018) 1681  0001011010000001 (  31)                 ADD   R3 R2 R1
(3019) 0426  0000010000100110 (  32)                 BRZ   found
(301A) 1B01  0001101100000001 (  33)                 ADD   R5 R4 R1
(301B) 0426  0000010000100110 (  34)                 BRZ   found
(301C) 1021  0001000000100001 (  35)                 ADD   R0 R0 #1
(301D) 1DBF  0001110110111111 (  36)                 ADD   R6 R6 #-1
(301E) 0E15  0000111000010101 (  37)                 BRNZP ciclo
(301F) 5020  0101000000100000 (  39) notf            AND   R0 R0 #0
(3020) 56E0  0101011011100000 (  40)                 AND   R3 R3 #0
(3021) 54A0  0101010010100000 (  41)                 AND   R2 R2 #0
(3022) 5920  0101100100100000 (  42)                 AND   R4 R4 #0
(3023) 5B60  0101101101100000 (  43)                 AND   R5 R5 #0
(3024) 5DA0  0101110110100000 (  44)                 AND   R6 R6 #0
(3025) D000  1101000000000000 (  45)                 RET   
(3026) 5020  0101000000100000 (  47) found           AND   R0 R0 #0
(3027) 1021  0001000000100001 (  48)                 ADD   R0 R0 #1
(3028) 56E0  0101011011100000 (  49)                 AND   R3 R3 #0
(3029) 54A0  0101010010100000 (  50)                 AND   R2 R2 #0
(302A) 5920  0101100100100000 (  51)                 AND   R4 R4 #0
(302B) 5B60  0101101101100000 (  52)                 AND   R5 R5 #0
(302C) 5DA0  0101110110100000 (  53)                 AND   R6 R6 #0
(302D) D000  1101000000000000 (  54)                 RET   
