(0000) 3000  0011000000000000 (   1)                 .ORIG x3000
(3000) 5260  0101001001100000 (   3)                 AND   R1 R1 #0
(3001) 54A0  0101010010100000 (   4)                 AND   R2 R2 #0
(3002) 5020  0101000000100000 (   5)                 AND   R0 R0 #0
(3003) E20B  1110001000001011 (   6)                 LEA   R1 ind1
(3004) E40C  1110010000001100 (   7)                 LEA   R2 ind2
(3005) 6240  0110001001000000 (   8)                 LDR   R1 R1 #0
(3006) 6480  0110010010000000 (   9)                 LDR   R2 R2 #0
(3007) 480D  0100100000001101 (  10)                 JSR   confr
(3008) 0E08  0000111000001000 (  11) fine            BRNZP fine
(3009) 0014  0000000000010100 (  12) num1            .FILL x0014
(300A) 002B  0000000000101011 (  13) num2            .FILL x002B
(300B) 3009  0011000000001001 (  14) ind1            .FILL x3009
(300C) 300A  0011000000001010 (  15) ind2            .FILL x300A
(300D) 6240  0110001001000000 (  19) confr           LDR   R1 R1 #0
(300E) 6480  0110010010000000 (  20)                 LDR   R2 R2 #0
(300F) 94BF  1001010010111111 (  21)                 NOT   R2 R2
(3010) 14A1  0001010010100001 (  22)                 ADD   R2 R2 #1
(3011) 1642  0001011001000010 (  23)                 ADD   R3 R1 R2
(3012) 0415  0000010000010101 (  24)                 BRZ   zero
(3013) 0818  0000100000011000 (  25)                 BRN   neg
(3014) 021B  0000001000011011 (  26)                 BRP   pos
(3015) 1020  0001000000100000 (  27) zero            ADD   R0 R0 #0
(3016) 56E0  0101011011100000 (  28)                 AND   R3 R3 #0
(3017) D000  1101000000000000 (  29)                 RET   
(3018) 103F  0001000000111111 (  30) neg             ADD   R0 R0 #-1
(3019) 56E0  0101011011100000 (  31)                 AND   R3 R3 #0
(301A) D000  1101000000000000 (  32)                 RET   
(301B) 1021  0001000000100001 (  33) pos             ADD   R0 R0 #1
(301C) 56E0  0101011011100000 (  34)                 AND   R3 R3 #0
(301D) D000  1101000000000000 (  35)                 RET   
