(0000) 3000  0011000000000000 (   1)                 .ORIG x3000
(3000) 5020  0101000000100000 (   3)                 AND   R0 R0 #0
(3001) 5260  0101001001100000 (   4)                 AND   R1 R1 #0
(3002) 54A0  0101010010100000 (   5)                 AND   R2 R2 #0
(3003) 56E0  0101011011100000 (   6)                 AND   R3 R3 #0
(3004) E008  1110000000001000 (   7)                 LEA   R0 array
(3005) E20C  1110001000001100 (   8)                 LEA   R1 arraye
(3006) 480D  0100100000001101 (   9)                 JSR   ordina
(3007) 0E07  0000111000000111 (  10) fine            BRNZP fine
(3008) 0001  0000000000000001 (  12) array           .FILL x0001
(3009) 0002  0000000000000010 (  13)                 .FILL x0002
(300A) 0003  0000000000000011 (  14)                 .FILL x0003
(300B) 0004  0000000000000100 (  15)                 .FILL x0004
(300C) 0005  0000000000000101 (  16) arraye          .FILL x0005
(300D) 341A  0011010000011010 (  21) ordina          ST    R2 mem1
(300E) 361B  0011011000011011 (  22)                 ST    R3 mem2
(300F) 6400  0110010000000000 (  24) ciclo           LDR   R2 R0 #0
(3010) 6640  0110011001000000 (  25)                 LDR   R3 R1 #0
(3011) 7440  0111010001000000 (  26)                 STR   R2 R1 #0
(3012) 7600  0111011000000000 (  27)                 STR   R3 R0 #0
(3013) 1021  0001000000100001 (  28)                 ADD   R0 R0 #1
(3014) 127F  0001001001111111 (  29)                 ADD   R1 R1 #-1
(3015) 947F  1001010001111111 (  30)                 NOT   R2 R1
(3016) 14A1  0001010010100001 (  31)                 ADD   R2 R2 #1
(3017) 1402  0001010000000010 (  32)                 ADD   R2 R0 R2
(3018) 080F  0000100000001111 (  33)                 BRN   ciclo
(3019) D000  1101000000000000 (  34)                 RET   
(301A) 0000  0000000000000000 (  37) mem1            .FILL x0000
(301B) 0000  0000000000000000 (  38) mem2            .FILL x0000
